<?xml version="1.0" encoding="UTF-8"?>
<testng-results ignored="0" total="1" passed="1" failed="0" skipped="0">
  <reporter-output>
  </reporter-output>
  <suite started-at="2025-08-19T20:39:59 IST" name="Selenium Smart Framework Suite" finished-at="2025-08-19T20:40:13 IST" duration-ms="14868">
    <groups>
    </groups>
    <test started-at="2025-08-19T20:39:59 IST" name="Login Tests" finished-at="2025-08-19T20:40:13 IST" duration-ms="14868">
      <class name="tests.LoginTest">
        <test-method is-config="true" signature="setUp()[pri:0, instance:tests.LoginTest@4659191b]" started-at="2025-08-19T20:39:59 IST" name="setUp" finished-at="2025-08-19T20:40:09 IST" duration-ms="10362" status="PASS">
          <reporter-output>
          </reporter-output>
        </test-method> <!-- setUp -->
        <test-method signature="testValidLogin()[pri:0, instance:tests.LoginTest@4659191b]" started-at="2025-08-19T20:40:09 IST" name="testValidLogin" finished-at="2025-08-19T20:40:13 IST" duration-ms="4411" status="PASS">
          <reporter-output>
          </reporter-output>
        </test-method> <!-- testValidLogin -->
        <test-method is-config="true" signature="tearDown()[pri:0, instance:tests.LoginTest@4659191b]" started-at="2025-08-19T20:40:13 IST" name="tearDown" finished-at="2025-08-19T20:40:13 IST" duration-ms="74" status="PASS">
          <reporter-output>
          </reporter-output>
        </test-method> <!-- tearDown -->
      </class> <!-- tests.LoginTest -->
    </test> <!-- Login Tests -->
  </suite> <!-- Selenium Smart Framework Suite -->
</testng-results>
